[debug] [2025-05-10T08:10:42.706Z] ----------------------------------------------------------------------
[debug] [2025-05-10T08:10:42.708Z] Command:       /Users/hoangnguyenvu/.nvm/versions/node/v20.11.0/bin/node /Users/hoangnguyenvu/.nvm/versions/node/v20.11.0/bin/firebase deploy --only hosting
[debug] [2025-05-10T08:10:42.709Z] CLI Version:   14.2.0
[debug] [2025-05-10T08:10:42.709Z] Platform:      darwin
[debug] [2025-05-10T08:10:42.709Z] Node Version:  v20.11.0
[debug] [2025-05-10T08:10:42.709Z] Time:          Sat May 10 2025 15:10:42 GMT+0700 (Indochina Time)
[debug] [2025-05-10T08:10:42.709Z] ----------------------------------------------------------------------
[debug] 
[debug] [2025-05-10T08:10:42.810Z] > command requires scopes: ["email","openid","https://www.googleapis.com/auth/cloudplatformprojects.readonly","https://www.googleapis.com/auth/firebase","https://www.googleapis.com/auth/cloud-platform"]
[debug] [2025-05-10T08:10:42.810Z] > authorizing via signed-in user (nguyenvuhoang186@gmail.com)
[debug] [2025-05-10T08:10:42.810Z] [iam] checking project applefather-eth for permissions ["firebase.projects.get","firebasehosting.sites.update"]
[debug] [2025-05-10T08:10:42.811Z] Checked if tokens are valid: true, expires at: 1746868105737
[debug] [2025-05-10T08:10:42.811Z] Checked if tokens are valid: true, expires at: 1746868105737
[debug] [2025-05-10T08:10:42.812Z] >>> [apiv2][query] POST https://cloudresourcemanager.googleapis.com/v1/projects/applefather-eth:testIamPermissions [none]
[debug] [2025-05-10T08:10:42.812Z] >>> [apiv2][(partial)header] POST https://cloudresourcemanager.googleapis.com/v1/projects/applefather-eth:testIamPermissions x-goog-quota-user=projects/applefather-eth
[debug] [2025-05-10T08:10:42.812Z] >>> [apiv2][body] POST https://cloudresourcemanager.googleapis.com/v1/projects/applefather-eth:testIamPermissions {"permissions":["firebase.projects.get","firebasehosting.sites.update"]}
[debug] [2025-05-10T08:10:43.877Z] <<< [apiv2][status] POST https://cloudresourcemanager.googleapis.com/v1/projects/applefather-eth:testIamPermissions 200
[debug] [2025-05-10T08:10:43.877Z] <<< [apiv2][body] POST https://cloudresourcemanager.googleapis.com/v1/projects/applefather-eth:testIamPermissions {"permissions":["firebase.projects.get","firebasehosting.sites.update"]}
[debug] [2025-05-10T08:10:43.877Z] Checked if tokens are valid: true, expires at: 1746868105737
[debug] [2025-05-10T08:10:43.877Z] Checked if tokens are valid: true, expires at: 1746868105737
[debug] [2025-05-10T08:10:43.878Z] >>> [apiv2][query] GET https://firebase.googleapis.com/v1beta1/projects/applefather-eth [none]
[debug] [2025-05-10T08:10:44.383Z] <<< [apiv2][status] GET https://firebase.googleapis.com/v1beta1/projects/applefather-eth 200
[debug] [2025-05-10T08:10:44.383Z] <<< [apiv2][body] GET https://firebase.googleapis.com/v1beta1/projects/applefather-eth {"projectId":"applefather-eth","projectNumber":"761059124338","displayName":"applefather-eth","name":"projects/applefather-eth","resources":{"hostingSite":"applefather-eth"},"state":"ACTIVE","etag":"1_344a606a-3254-4bc2-a7cf-5a2e10f662ff"}
[debug] [2025-05-10T08:21:18.509Z] ----------------------------------------------------------------------
[debug] [2025-05-10T08:21:18.510Z] Command:       /Users/hoangnguyenvu/.nvm/versions/node/v20.11.0/bin/node /Users/hoangnguyenvu/.nvm/versions/node/v20.11.0/bin/firebase deploy --only hosting
[debug] [2025-05-10T08:21:18.511Z] CLI Version:   14.2.0
[debug] [2025-05-10T08:21:18.511Z] Platform:      darwin
[debug] [2025-05-10T08:21:18.511Z] Node Version:  v20.11.0
[debug] [2025-05-10T08:21:18.511Z] Time:          Sat May 10 2025 15:21:18 GMT+0700 (Indochina Time)
[debug] [2025-05-10T08:21:18.511Z] ----------------------------------------------------------------------
[debug] 
[debug] [2025-05-10T08:21:18.608Z] > command requires scopes: ["email","openid","https://www.googleapis.com/auth/cloudplatformprojects.readonly","https://www.googleapis.com/auth/firebase","https://www.googleapis.com/auth/cloud-platform"]
[debug] [2025-05-10T08:21:18.609Z] > authorizing via signed-in user (nguyenvuhoang186@gmail.com)
[debug] [2025-05-10T08:21:18.609Z] [iam] checking project applefather-eth for permissions ["firebase.projects.get","firebasehosting.sites.update"]
[debug] [2025-05-10T08:21:18.609Z] Checked if tokens are valid: true, expires at: 1746868105737
[debug] [2025-05-10T08:21:18.609Z] Checked if tokens are valid: true, expires at: 1746868105737
[debug] [2025-05-10T08:21:18.610Z] >>> [apiv2][query] POST https://cloudresourcemanager.googleapis.com/v1/projects/applefather-eth:testIamPermissions [none]
[debug] [2025-05-10T08:21:18.610Z] >>> [apiv2][(partial)header] POST https://cloudresourcemanager.googleapis.com/v1/projects/applefather-eth:testIamPermissions x-goog-quota-user=projects/applefather-eth
[debug] [2025-05-10T08:21:18.610Z] >>> [apiv2][body] POST https://cloudresourcemanager.googleapis.com/v1/projects/applefather-eth:testIamPermissions {"permissions":["firebase.projects.get","firebasehosting.sites.update"]}
[debug] [2025-05-10T08:21:19.664Z] <<< [apiv2][status] POST https://cloudresourcemanager.googleapis.com/v1/projects/applefather-eth:testIamPermissions 200
[debug] [2025-05-10T08:21:19.664Z] <<< [apiv2][body] POST https://cloudresourcemanager.googleapis.com/v1/projects/applefather-eth:testIamPermissions {"permissions":["firebase.projects.get","firebasehosting.sites.update"]}
[debug] [2025-05-10T08:21:19.665Z] Checked if tokens are valid: true, expires at: 1746868105737
[debug] [2025-05-10T08:21:19.665Z] Checked if tokens are valid: true, expires at: 1746868105737
[debug] [2025-05-10T08:21:19.665Z] >>> [apiv2][query] GET https://firebase.googleapis.com/v1beta1/projects/applefather-eth [none]
[debug] [2025-05-10T08:21:20.079Z] <<< [apiv2][status] GET https://firebase.googleapis.com/v1beta1/projects/applefather-eth 200
[debug] [2025-05-10T08:21:20.079Z] <<< [apiv2][body] GET https://firebase.googleapis.com/v1beta1/projects/applefather-eth {"projectId":"applefather-eth","projectNumber":"761059124338","displayName":"applefather-eth","name":"projects/applefather-eth","resources":{"hostingSite":"applefather-eth"},"state":"ACTIVE","etag":"1_344a606a-3254-4bc2-a7cf-5a2e10f662ff"}
[info] 
   Thank you for trying our early preview of Next.js support on Firebase Hosting.
   During the preview, support is best-effort and breaking changes can be expected. Proceed with caution.
   The integration is known to work with Next.js version 12 - 15.0. You may encounter errors.

   Documentation: https://firebase.google.com/docs/hosting/frameworks/nextjs
   File a bug: https://github.com/firebase/firebase-tools/issues/new?template=bug_report.md
   Submit a feature request: https://github.com/firebase/firebase-tools/issues/new?template=feature_request.md

   We'd love to learn from you. Express your interest in helping us shape the future of Firebase Hosting: https://goo.gle/41enW5X

[debug] [2025-05-10T08:21:23.845Z] Checked if tokens are valid: true, expires at: 1746868105737
[debug] [2025-05-10T08:21:23.846Z] Checked if tokens are valid: true, expires at: 1746868105737
[debug] [2025-05-10T08:21:23.846Z] >>> [apiv2][query] GET https://firebasehosting.googleapis.com/v1beta1/projects/applefather-eth/sites/applefather-eth [none]
[debug] [2025-05-10T08:21:24.462Z] <<< [apiv2][status] GET https://firebasehosting.googleapis.com/v1beta1/projects/applefather-eth/sites/applefather-eth 200
[debug] [2025-05-10T08:21:24.462Z] <<< [apiv2][body] GET https://firebasehosting.googleapis.com/v1beta1/projects/applefather-eth/sites/applefather-eth {"name":"projects/applefather-eth/sites/applefather-eth","defaultUrl":"https://applefather-eth.web.app","type":"DEFAULT_SITE"}
[info]    ▲ Next.js 15.1.1

[info] 

[info]    Creating an optimized production build ...

[info]  ✓ Compiled successfully

[info]    Linting and checking validity of types ...

